{
  "stats": {
    "suites": 1,
    "tests": 5,
    "passes": 3,
    "pending": 0,
    "failures": 2,
    "start": "2024-05-13T13:55:08.055Z",
    "end": "2024-05-13T13:56:21.822Z",
    "duration": 73767,
    "testsRegistered": 5,
    "passPercent": 60,
    "pendingPercent": 0,
    "other": 0,
    "hasOther": false,
    "skipped": 0,
    "hasSkipped": false
  },
  "results": [
    {
      "uuid": "c464ec64-916a-4e0f-a88e-23eab59b4fa2",
      "title": "",
      "fullFile": "cypress\\e2e\\projects.cy.js",
      "file": "cypress\\e2e\\projects.cy.js",
      "beforeHooks": [],
      "afterHooks": [],
      "tests": [],
      "suites": [
        {
          "uuid": "43e90eae-e6da-4057-9950-8173ca79904a",
          "title": "Project Management",
          "fullFile": "",
          "file": "",
          "beforeHooks": [],
          "afterHooks": [],
          "tests": [
            {
              "title": "Required fields Empty",
              "fullTitle": "Project Management Required fields Empty",
              "timedOut": null,
              "duration": 23452,
              "state": "failed",
              "speed": null,
              "pass": false,
              "fail": true,
              "pending": false,
              "context": "{\n  \"title\": \"cypress-mochawesome-reporter-screenshots\",\n  \"value\": [\n    [\n      \"\\\\projects.cy.js\\\\Project Management -- Required fields Empty (failed).png\"\n    ]\n  ]\n}",
              "code": "cy.get('li.open > .sub-menu > :nth-child(2) > .cursor-pointer').click();\n// Section Générale\ncy.get('#projects_projects_types_id').select('Internal');\ncy.get(\"#projects_projects_status_id > option[selected='selected']\").should('have.text', 'Open');\ncy.get('#projects_name').clear().should('have.text', '');\ncy.get('#extra_fields_7').type('https://www.live.com/');\ncy.get('#extra_fields_8').type('https://www.test.com/');\ncy.fillDateFields();\ncy.get('.modal-scrollable').scrollIntoView();\ncy.typeInCkEditor('Hello, world! This is a test using CKEditor.');\ncy.navigateToTab('#tab_team');\n['3', '4', '5'].forEach(num => {\n  cy.get(`#projects_team_${num}`).check().should('be.checked');\n});\ncy.navigateToTab('#tab_attachments');\ncy.get('input[multiple=\"multiple\"]').selectFile('cypress/fixtures/cgi.jpg', {\n  force: true\n});\ncy.wait(1000);\ncy.get(\"button[type='submit']\").click();\ncy.get('#form_error_handler').should('exist');\n//cy.get('#form_error_handler > div').should('have.text', 'Some fields are required. They have been highlighted above.');\n//cy.get('#form_error_handler > div').should('have.text', 'Some fields are required. They have been highlighted above.');\ncy.get('.modal-footer > .btn-default').click();",
              "err": {
                "message": "AssertionError: Timed out retrying after 4000ms: Expected to find element: `#form_error_handler`, but never found it.",
                "estack": "AssertionError: Timed out retrying after 4000ms: Expected to find element: `#form_error_handler`, but never found it.\n    at Context.eval (webpack://your-project/./cypress/e2e/projects.cy.js:34:38)",
                "diff": null
              },
              "uuid": "f33793c5-ffe6-4c1f-ac34-54aa4a1218e4",
              "parentUUID": "43e90eae-e6da-4057-9950-8173ca79904a",
              "isHook": false,
              "skipped": false
            },
            {
              "title": "All fields empty except the required field",
              "fullTitle": "Project Management All fields empty except the required field",
              "timedOut": null,
              "duration": 8005,
              "state": "passed",
              "speed": "medium",
              "pass": true,
              "fail": false,
              "pending": false,
              "context": null,
              "code": "cy.get('li.open > .sub-menu > :nth-child(2) > .cursor-pointer').click();\n// Fill only the required field\ncy.get('#projects_name').type('02 project');\n// Clear other fields \ncy.get('#extra_fields_7').clear();\ncy.get('#extra_fields_8').clear();\n// Assume no default values for dates or deselect if automatically filled\ncy.checkDateFieldsEmpty();\ncy.navigateToTab('#tab_team');\ncy.get('input[type=\"checkbox\"]').uncheck({\n  force: true\n}); // Uncheck all team options\ncy.navigateToTab('#tab_attachments');\ncy.get('input[type=\"file\"]').should('not.have.value'); // Ensure no file is attached\n// Submit the form\ncy.get(\"button[type='submit']\").click();",
              "err": {},
              "uuid": "fd013244-297d-4b85-bb5c-a49cb7e97501",
              "parentUUID": "43e90eae-e6da-4057-9950-8173ca79904a",
              "isHook": false,
              "skipped": false
            },
            {
              "title": "Fields Filled Correctly",
              "fullTitle": "Project Management Fields Filled Correctly",
              "timedOut": null,
              "duration": 17463,
              "state": "passed",
              "speed": "slow",
              "pass": true,
              "fail": false,
              "pending": false,
              "context": null,
              "code": "cy.get('li.open > .sub-menu > :nth-child(2) > .cursor-pointer').click();\n// General Section - change here to fill the field instead of clearing it\ncy.get('#projects_projects_types_id').select('Internal');\ncy.get(\"#projects_projects_status_id > option[selected='selected']\").should('have.text', 'Open');\ncy.get('#projects_name').type('01 Project');\ncy.get('#extra_fields_7').type('https://www.live.com/');\ncy.get('#extra_fields_8').type('https://www.test.com/');\ncy.fillDateFields();\ncy.get('.modal-scrollable').scrollIntoView();\ncy.typeInCkEditor('Hello, world! This is another test using CKEditor.');\ncy.navigateToTab('#tab_team');\n['3', '4', '5'].forEach(num => {\n  cy.get(`#projects_team_${num}`).check().should('be.checked');\n});\ncy.navigateToTab('#tab_attachments');\ncy.get('input[multiple=\"multiple\"]').selectFile('cypress/fixtures/cgi.jpg', {\n  force: true\n});\ncy.wait(2000);\ncy.get(\"button[type='submit']\").click();",
              "err": {},
              "uuid": "9b99b5f0-b251-45a4-ad85-bdf25af5f2d3",
              "parentUUID": "43e90eae-e6da-4057-9950-8173ca79904a",
              "isHook": false,
              "skipped": false
            },
            {
              "title": "Modify project",
              "fullTitle": "Project Management Modify project",
              "timedOut": null,
              "duration": 10562,
              "state": "passed",
              "speed": "slow",
              "pass": true,
              "fail": false,
              "pending": false,
              "context": null,
              "code": "cy.get(\"li[class='open'] li:nth-child(1) a:nth-child(1)\").click();\ncy.get(':nth-child(1) > :nth-child(2) > [href=\"#\"] > .fa').click();\ncy.get('#projects_name').clear().type('Project name Modified');\ncy.get(\"button[type='submit']\").click();",
              "err": {},
              "uuid": "f594d009-c86d-4229-aed5-c41f3ecea1bd",
              "parentUUID": "43e90eae-e6da-4057-9950-8173ca79904a",
              "isHook": false,
              "skipped": false
            },
            {
              "title": "Delete project",
              "fullTitle": "Project Management Delete project",
              "timedOut": null,
              "duration": 5192,
              "state": "failed",
              "speed": null,
              "pass": false,
              "fail": true,
              "pending": false,
              "context": "{\n  \"title\": \"cypress-mochawesome-reporter-screenshots\",\n  \"value\": [\n    [\n      \"\\\\projects.cy.js\\\\Project Management -- Delete project (failed).png\"\n    ]\n  ]\n}",
              "code": "cy.get(\"li[class='open'] li:nth-child(1) a:nth-child(1)\").click();\ncy.get('a').filter((index, element) => {\n  // Vérifie que le texte de l'élément correspond et que l'attribut href contient un chemin spécifique\n  return element.textContent.includes('Project name Modified');\n  //&& element.getAttribute('href').includes('/CGI-Demo/index.php/projects/open/')\n}).click();\n//cy.get('.sub-menu > .active > a').click",
              "err": {
                "message": "CypressError: `cy.click()` can only be called on a single element. Your subject contained 4 elements. Pass `{ multiple: true }` if you want to serially click each element.\n\nhttps://on.cypress.io/click",
                "estack": "CypressError: `cy.click()` can only be called on a single element. Your subject contained 4 elements. Pass `{ multiple: true }` if you want to serially click each element.\n\nhttps://on.cypress.io/click\n    at mouseAction (http://localhost/__cypress/runner/cypress_runner.js:111552:68)\n    at Context.click (http://localhost/__cypress/runner/cypress_runner.js:111719:14)\n    at wrapped (http://localhost/__cypress/runner/cypress_runner.js:138411:19)\nFrom Your Spec Code:\n    at Context.eval (webpack://your-project/./cypress/e2e/projects.cy.js:101:11)",
                "diff": null
              },
              "uuid": "c0e7b9bc-233c-44de-a94b-908a16a649ca",
              "parentUUID": "43e90eae-e6da-4057-9950-8173ca79904a",
              "isHook": false,
              "skipped": false
            }
          ],
          "suites": [],
          "passes": [
            "fd013244-297d-4b85-bb5c-a49cb7e97501",
            "9b99b5f0-b251-45a4-ad85-bdf25af5f2d3",
            "f594d009-c86d-4229-aed5-c41f3ecea1bd"
          ],
          "failures": [
            "f33793c5-ffe6-4c1f-ac34-54aa4a1218e4",
            "c0e7b9bc-233c-44de-a94b-908a16a649ca"
          ],
          "pending": [],
          "skipped": [],
          "duration": 64674,
          "root": false,
          "rootEmpty": false,
          "_timeout": 2000
        }
      ],
      "passes": [],
      "failures": [],
      "pending": [],
      "skipped": [],
      "duration": 0,
      "root": true,
      "rootEmpty": true,
      "_timeout": 2000
    }
  ],
  "meta": {
    "mocha": {
      "version": "7.0.1"
    },
    "mochawesome": {
      "options": {
        "quiet": false,
        "reportFilename": "mochawesome",
        "saveHtml": false,
        "saveJson": true,
        "consoleReporter": "spec",
        "useInlineDiffs": false,
        "code": true
      },
      "version": "7.1.3"
    },
    "marge": {
      "options": {
        "overwrite": false,
        "html": false,
        "json": true,
        "reportDir": "cypress\\reports\\html\\.jsons"
      },
      "version": "6.2.0"
    }
  }
}