{
  "stats": {
    "suites": 1,
    "tests": 11,
    "passes": 9,
    "pending": 0,
    "failures": 2,
    "start": "2024-05-16T16:12:16.544Z",
    "end": "2024-05-16T16:13:17.384Z",
    "duration": 60840,
    "testsRegistered": 11,
    "passPercent": 81.81818181818183,
    "pendingPercent": 0,
    "other": 0,
    "hasOther": false,
    "skipped": 0,
    "hasSkipped": false
  },
  "results": [
    {
      "uuid": "52827318-8a32-4639-996b-eae786f9d47b",
      "title": "",
      "fullFile": "cypress\\e2e\\login-page.cy.js",
      "file": "cypress\\e2e\\login-page.cy.js",
      "beforeHooks": [],
      "afterHooks": [],
      "tests": [],
      "suites": [
        {
          "uuid": "817d360b-025f-433d-b3a7-57c2e10e14d4",
          "title": "Login Page",
          "fullFile": "",
          "file": "",
          "beforeHooks": [],
          "afterHooks": [],
          "tests": [
            {
              "title": "Login using empty email",
              "fullTitle": "Login Page Login using empty email",
              "timedOut": null,
              "duration": 6472,
              "state": "failed",
              "speed": null,
              "pass": false,
              "fail": true,
              "pending": false,
              "context": "{\n  \"title\": \"cypress-mochawesome-reporter-screenshots\",\n  \"value\": [\n    [\n      \"\\\\login-page.cy.js\\\\Login Page -- Login using empty email (failed).png\"\n    ]\n  ]\n}",
              "code": "cy.get(\"input[placeholder='Email']\").clear();\ncy.get(\"input[placeholder='Password']\").type('somepassword');\ncy.submitLoginForm();\ncy.get(\"label[for='login[email]']\").should('have.text', 'Email required!');",
              "err": {
                "message": "AssertionError: Timed out retrying after 4000ms: expected '<label.error>' to have text 'Email required!', but the text was 'This field is required!'",
                "estack": "AssertionError: Timed out retrying after 4000ms: expected '<label.error>' to have text 'Email required!', but the text was 'This field is required!'\n    at Context.eval (webpack://your-project/./cypress/e2e/login-page.cy.js:15:44)",
                "diff": "- 'This field is required!'\n+ 'Email required!'\n"
              },
              "uuid": "66e6739e-cca7-49da-8971-feaaced99e5b",
              "parentUUID": "817d360b-025f-433d-b3a7-57c2e10e14d4",
              "isHook": false,
              "skipped": false
            },
            {
              "title": "Login using empty password",
              "fullTitle": "Login Page Login using empty password",
              "timedOut": null,
              "duration": 6298,
              "state": "failed",
              "speed": null,
              "pass": false,
              "fail": true,
              "pending": false,
              "context": "{\n  \"title\": \"cypress-mochawesome-reporter-screenshots\",\n  \"value\": [\n    [\n      \"\\\\login-page.cy.js\\\\Login Page -- Login using empty password (failed).png\"\n    ]\n  ]\n}",
              "code": "cy.get(\"input[placeholder='Email']\").type('email@example.com');\ncy.get(\"input[placeholder='Password']\").clear();\ncy.submitLoginForm();\ncy.get(\"label[for='login[password]']\").should('have.text', 'Password is required!');",
              "err": {
                "message": "AssertionError: Timed out retrying after 4000ms: expected '<label.error>' to have text 'Password is required!', but the text was 'This field is required!'",
                "estack": "AssertionError: Timed out retrying after 4000ms: expected '<label.error>' to have text 'Password is required!', but the text was 'This field is required!'\n    at Context.eval (webpack://your-project/./cypress/e2e/login-page.cy.js:22:47)",
                "diff": "- 'This field is required!'\n+ 'Password is required!'\n"
              },
              "uuid": "e07f98ea-114b-400f-81ab-4d978869f827",
              "parentUUID": "817d360b-025f-433d-b3a7-57c2e10e14d4",
              "isHook": false,
              "skipped": false
            },
            {
              "title": "Login using wrong Email for client",
              "fullTitle": "Login Page Login using wrong Email for client",
              "timedOut": null,
              "duration": 5395,
              "state": "passed",
              "speed": "medium",
              "pass": true,
              "fail": false,
              "pending": false,
              "context": null,
              "code": "cy.loginByRole(role);\ncy.get(\"input[placeholder='Email']\").clear().type('wrongEmail@localhost.com');\ncy.submitLoginForm();\ncy.get(\"#userAlertContainer\").should('have.text', 'Error: No match for Email and/or Password');",
              "err": {},
              "uuid": "67fc9718-7724-415b-a6e2-590c57222bca",
              "parentUUID": "817d360b-025f-433d-b3a7-57c2e10e14d4",
              "isHook": false,
              "skipped": false
            },
            {
              "title": "Login using wrong password for client",
              "fullTitle": "Login Page Login using wrong password for client",
              "timedOut": null,
              "duration": 4803,
              "state": "passed",
              "speed": "fast",
              "pass": true,
              "fail": false,
              "pending": false,
              "context": null,
              "code": "cy.loginByRole(role);\ncy.get(\"input[placeholder='Password']\").clear().type('wrongPassword');\ncy.submitLoginForm();\ncy.get(\"#userAlertContainer\").should('have.text', 'Error: No match for Email and/or Password');",
              "err": {},
              "uuid": "dc453a0e-b327-4318-af00-459f16a4cf02",
              "parentUUID": "817d360b-025f-433d-b3a7-57c2e10e14d4",
              "isHook": false,
              "skipped": false
            },
            {
              "title": "Login using correct data for client",
              "fullTitle": "Login Page Login using correct data for client",
              "timedOut": null,
              "duration": 4886,
              "state": "passed",
              "speed": "fast",
              "pass": true,
              "fail": false,
              "pending": false,
              "context": null,
              "code": "cy.loginByRole(role);\ncy.submitLoginForm();\n//cy.url().should('include', '/dashboard');",
              "err": {},
              "uuid": "778d31b9-3f2b-411d-a327-c0fb48611791",
              "parentUUID": "817d360b-025f-433d-b3a7-57c2e10e14d4",
              "isHook": false,
              "skipped": false
            },
            {
              "title": "Login using wrong Email for developer",
              "fullTitle": "Login Page Login using wrong Email for developer",
              "timedOut": null,
              "duration": 4760,
              "state": "passed",
              "speed": "fast",
              "pass": true,
              "fail": false,
              "pending": false,
              "context": null,
              "code": "cy.loginByRole(role);\ncy.get(\"input[placeholder='Email']\").clear().type('wrongEmail@localhost.com');\ncy.submitLoginForm();\ncy.get(\"#userAlertContainer\").should('have.text', 'Error: No match for Email and/or Password');",
              "err": {},
              "uuid": "31f113d3-5a4e-4cdd-a0c2-a4db4c4a3299",
              "parentUUID": "817d360b-025f-433d-b3a7-57c2e10e14d4",
              "isHook": false,
              "skipped": false
            },
            {
              "title": "Login using wrong password for developer",
              "fullTitle": "Login Page Login using wrong password for developer",
              "timedOut": null,
              "duration": 4918,
              "state": "passed",
              "speed": "fast",
              "pass": true,
              "fail": false,
              "pending": false,
              "context": null,
              "code": "cy.loginByRole(role);\ncy.get(\"input[placeholder='Password']\").clear().type('wrongPassword');\ncy.submitLoginForm();\ncy.get(\"#userAlertContainer\").should('have.text', 'Error: No match for Email and/or Password');",
              "err": {},
              "uuid": "09b5286b-2077-4017-b5e0-9c3821f90fc7",
              "parentUUID": "817d360b-025f-433d-b3a7-57c2e10e14d4",
              "isHook": false,
              "skipped": false
            },
            {
              "title": "Login using correct data for developer",
              "fullTitle": "Login Page Login using correct data for developer",
              "timedOut": null,
              "duration": 4516,
              "state": "passed",
              "speed": "fast",
              "pass": true,
              "fail": false,
              "pending": false,
              "context": null,
              "code": "cy.loginByRole(role);\ncy.submitLoginForm();\n//cy.url().should('include', '/dashboard');",
              "err": {},
              "uuid": "9a1c585c-b486-42d0-9390-2f6647d843f1",
              "parentUUID": "817d360b-025f-433d-b3a7-57c2e10e14d4",
              "isHook": false,
              "skipped": false
            },
            {
              "title": "Login using wrong Email for admin",
              "fullTitle": "Login Page Login using wrong Email for admin",
              "timedOut": null,
              "duration": 5081,
              "state": "passed",
              "speed": "medium",
              "pass": true,
              "fail": false,
              "pending": false,
              "context": null,
              "code": "cy.loginByRole(role);\ncy.get(\"input[placeholder='Email']\").clear().type('wrongEmail@localhost.com');\ncy.submitLoginForm();\ncy.get(\"#userAlertContainer\").should('have.text', 'Error: No match for Email and/or Password');",
              "err": {},
              "uuid": "f0d1e61f-03ca-4529-b03a-bb5df9bd0313",
              "parentUUID": "817d360b-025f-433d-b3a7-57c2e10e14d4",
              "isHook": false,
              "skipped": false
            },
            {
              "title": "Login using wrong password for admin",
              "fullTitle": "Login Page Login using wrong password for admin",
              "timedOut": null,
              "duration": 4895,
              "state": "passed",
              "speed": "fast",
              "pass": true,
              "fail": false,
              "pending": false,
              "context": null,
              "code": "cy.loginByRole(role);\ncy.get(\"input[placeholder='Password']\").clear().type('wrongPassword');\ncy.submitLoginForm();\ncy.get(\"#userAlertContainer\").should('have.text', 'Error: No match for Email and/or Password');",
              "err": {},
              "uuid": "a21a99b9-a4c3-4b84-b7b3-278e7ebbe4a8",
              "parentUUID": "817d360b-025f-433d-b3a7-57c2e10e14d4",
              "isHook": false,
              "skipped": false
            },
            {
              "title": "Login using correct data for admin",
              "fullTitle": "Login Page Login using correct data for admin",
              "timedOut": null,
              "duration": 4834,
              "state": "passed",
              "speed": "fast",
              "pass": true,
              "fail": false,
              "pending": false,
              "context": null,
              "code": "cy.loginByRole(role);\ncy.submitLoginForm();\n//cy.url().should('include', '/dashboard');",
              "err": {},
              "uuid": "0ffdb0fd-5a20-4e06-88d1-519c6d5b6d47",
              "parentUUID": "817d360b-025f-433d-b3a7-57c2e10e14d4",
              "isHook": false,
              "skipped": false
            }
          ],
          "suites": [],
          "passes": [
            "67fc9718-7724-415b-a6e2-590c57222bca",
            "dc453a0e-b327-4318-af00-459f16a4cf02",
            "778d31b9-3f2b-411d-a327-c0fb48611791",
            "31f113d3-5a4e-4cdd-a0c2-a4db4c4a3299",
            "09b5286b-2077-4017-b5e0-9c3821f90fc7",
            "9a1c585c-b486-42d0-9390-2f6647d843f1",
            "f0d1e61f-03ca-4529-b03a-bb5df9bd0313",
            "a21a99b9-a4c3-4b84-b7b3-278e7ebbe4a8",
            "0ffdb0fd-5a20-4e06-88d1-519c6d5b6d47"
          ],
          "failures": [
            "66e6739e-cca7-49da-8971-feaaced99e5b",
            "e07f98ea-114b-400f-81ab-4d978869f827"
          ],
          "pending": [],
          "skipped": [],
          "duration": 56858,
          "root": false,
          "rootEmpty": false,
          "_timeout": 2000
        }
      ],
      "passes": [],
      "failures": [],
      "pending": [],
      "skipped": [],
      "duration": 0,
      "root": true,
      "rootEmpty": true,
      "_timeout": 2000
    }
  ],
  "meta": {
    "mocha": {
      "version": "7.0.1"
    },
    "mochawesome": {
      "options": {
        "quiet": false,
        "reportFilename": "mochawesome",
        "saveHtml": false,
        "saveJson": true,
        "consoleReporter": "spec",
        "useInlineDiffs": false,
        "code": true
      },
      "version": "7.1.3"
    },
    "marge": {
      "options": {
        "overwrite": false,
        "html": false,
        "json": true,
        "reportDir": "cypress\\reports\\html\\.jsons"
      },
      "version": "6.2.0"
    }
  }
}