{
  "stats": {
    "suites": 1,
    "tests": 11,
    "passes": 9,
    "pending": 0,
    "failures": 2,
    "start": "2024-05-13T13:54:01.128Z",
    "end": "2024-05-13T13:54:58.092Z",
    "duration": 56964,
    "testsRegistered": 11,
    "passPercent": 81.81818181818183,
    "pendingPercent": 0,
    "other": 0,
    "hasOther": false,
    "skipped": 0,
    "hasSkipped": false
  },
  "results": [
    {
      "uuid": "213c6fc2-f57b-49ce-ac9b-cac6370f98f2",
      "title": "",
      "fullFile": "cypress\\e2e\\login-page.cy.js",
      "file": "cypress\\e2e\\login-page.cy.js",
      "beforeHooks": [],
      "afterHooks": [],
      "tests": [],
      "suites": [
        {
          "uuid": "aab4703c-7a96-4e3c-81a4-2e2933d34739",
          "title": "Login Page",
          "fullFile": "",
          "file": "",
          "beforeHooks": [],
          "afterHooks": [],
          "tests": [
            {
              "title": "Login using empty email",
              "fullTitle": "Login Page Login using empty email",
              "timedOut": null,
              "duration": 6305,
              "state": "failed",
              "speed": null,
              "pass": false,
              "fail": true,
              "pending": false,
              "context": "{\n  \"title\": \"cypress-mochawesome-reporter-screenshots\",\n  \"value\": [\n    [\n      \"\\\\login-page.cy.js\\\\Login Page -- Login using empty email (failed).png\"\n    ]\n  ]\n}",
              "code": "cy.get(\"input[placeholder='Email']\").clear();\ncy.get(\"input[placeholder='Password']\").type('somepassword');\ncy.submitLoginForm();\ncy.get(\"label[for='login[email]']\").should('have.text', 'Email required!');",
              "err": {
                "message": "AssertionError: Timed out retrying after 4000ms: expected '<label.error>' to have text 'Email required!', but the text was 'This field is required!'",
                "estack": "AssertionError: Timed out retrying after 4000ms: expected '<label.error>' to have text 'Email required!', but the text was 'This field is required!'\n    at Context.eval (webpack://your-project/./cypress/e2e/login-page.cy.js:15:44)",
                "diff": "- 'This field is required!'\n+ 'Email required!'\n"
              },
              "uuid": "5b87181e-d619-4d28-aa5f-2477a62b42c3",
              "parentUUID": "aab4703c-7a96-4e3c-81a4-2e2933d34739",
              "isHook": false,
              "skipped": false
            },
            {
              "title": "Login using empty password",
              "fullTitle": "Login Page Login using empty password",
              "timedOut": null,
              "duration": 6257,
              "state": "failed",
              "speed": null,
              "pass": false,
              "fail": true,
              "pending": false,
              "context": "{\n  \"title\": \"cypress-mochawesome-reporter-screenshots\",\n  \"value\": [\n    [\n      \"\\\\login-page.cy.js\\\\Login Page -- Login using empty password (failed).png\"\n    ]\n  ]\n}",
              "code": "cy.get(\"input[placeholder='Email']\").type('email@example.com');\ncy.get(\"input[placeholder='Password']\").clear();\ncy.submitLoginForm();\ncy.get(\"label[for='login[password]']\").should('have.text', 'Password is required!');",
              "err": {
                "message": "AssertionError: Timed out retrying after 4000ms: expected '<label.error>' to have text 'Password is required!', but the text was 'This field is required!'",
                "estack": "AssertionError: Timed out retrying after 4000ms: expected '<label.error>' to have text 'Password is required!', but the text was 'This field is required!'\n    at Context.eval (webpack://your-project/./cypress/e2e/login-page.cy.js:22:47)",
                "diff": "- 'This field is required!'\n+ 'Password is required!'\n"
              },
              "uuid": "b29a1c21-79d5-4070-b8a9-1ab6d68fb1b7",
              "parentUUID": "aab4703c-7a96-4e3c-81a4-2e2933d34739",
              "isHook": false,
              "skipped": false
            },
            {
              "title": "Login using wrong Email for client",
              "fullTitle": "Login Page Login using wrong Email for client",
              "timedOut": null,
              "duration": 4749,
              "state": "passed",
              "speed": "fast",
              "pass": true,
              "fail": false,
              "pending": false,
              "context": null,
              "code": "cy.loginByRole(role);\ncy.get(\"input[placeholder='Email']\").clear().type('wrongEmail@localhost.com');\ncy.submitLoginForm();\ncy.get(\"#userAlertContainer\").should('have.text', 'Error: No match for Email and/or Password');",
              "err": {},
              "uuid": "a3b79c06-77c8-4d77-99f6-8fe7deaf0b09",
              "parentUUID": "aab4703c-7a96-4e3c-81a4-2e2933d34739",
              "isHook": false,
              "skipped": false
            },
            {
              "title": "Login using wrong password for client",
              "fullTitle": "Login Page Login using wrong password for client",
              "timedOut": null,
              "duration": 4295,
              "state": "passed",
              "speed": "fast",
              "pass": true,
              "fail": false,
              "pending": false,
              "context": null,
              "code": "cy.loginByRole(role);\ncy.get(\"input[placeholder='Password']\").clear().type('wrongPassword');\ncy.submitLoginForm();\ncy.get(\"#userAlertContainer\").should('have.text', 'Error: No match for Email and/or Password');",
              "err": {},
              "uuid": "ce7f4ab0-411e-4c59-821a-0045ed28f094",
              "parentUUID": "aab4703c-7a96-4e3c-81a4-2e2933d34739",
              "isHook": false,
              "skipped": false
            },
            {
              "title": "Login using correct data for client",
              "fullTitle": "Login Page Login using correct data for client",
              "timedOut": null,
              "duration": 4625,
              "state": "passed",
              "speed": "fast",
              "pass": true,
              "fail": false,
              "pending": false,
              "context": null,
              "code": "cy.loginByRole(role);\ncy.submitLoginForm();\n//cy.url().should('include', '/dashboard');",
              "err": {},
              "uuid": "62da2cc2-89a6-4c41-b1c5-4b0975f0389d",
              "parentUUID": "aab4703c-7a96-4e3c-81a4-2e2933d34739",
              "isHook": false,
              "skipped": false
            },
            {
              "title": "Login using wrong Email for developer",
              "fullTitle": "Login Page Login using wrong Email for developer",
              "timedOut": null,
              "duration": 4684,
              "state": "passed",
              "speed": "fast",
              "pass": true,
              "fail": false,
              "pending": false,
              "context": null,
              "code": "cy.loginByRole(role);\ncy.get(\"input[placeholder='Email']\").clear().type('wrongEmail@localhost.com');\ncy.submitLoginForm();\ncy.get(\"#userAlertContainer\").should('have.text', 'Error: No match for Email and/or Password');",
              "err": {},
              "uuid": "e1043bf2-aa5c-4b13-a89e-0127da7a32ce",
              "parentUUID": "aab4703c-7a96-4e3c-81a4-2e2933d34739",
              "isHook": false,
              "skipped": false
            },
            {
              "title": "Login using wrong password for developer",
              "fullTitle": "Login Page Login using wrong password for developer",
              "timedOut": null,
              "duration": 4477,
              "state": "passed",
              "speed": "fast",
              "pass": true,
              "fail": false,
              "pending": false,
              "context": null,
              "code": "cy.loginByRole(role);\ncy.get(\"input[placeholder='Password']\").clear().type('wrongPassword');\ncy.submitLoginForm();\ncy.get(\"#userAlertContainer\").should('have.text', 'Error: No match for Email and/or Password');",
              "err": {},
              "uuid": "4408fa9c-905d-41e3-8025-a6058077c4b5",
              "parentUUID": "aab4703c-7a96-4e3c-81a4-2e2933d34739",
              "isHook": false,
              "skipped": false
            },
            {
              "title": "Login using correct data for developer",
              "fullTitle": "Login Page Login using correct data for developer",
              "timedOut": null,
              "duration": 4393,
              "state": "passed",
              "speed": "fast",
              "pass": true,
              "fail": false,
              "pending": false,
              "context": null,
              "code": "cy.loginByRole(role);\ncy.submitLoginForm();\n//cy.url().should('include', '/dashboard');",
              "err": {},
              "uuid": "cedb324b-3965-46bc-ad1e-73b8815ae081",
              "parentUUID": "aab4703c-7a96-4e3c-81a4-2e2933d34739",
              "isHook": false,
              "skipped": false
            },
            {
              "title": "Login using wrong Email for admin",
              "fullTitle": "Login Page Login using wrong Email for admin",
              "timedOut": null,
              "duration": 4834,
              "state": "passed",
              "speed": "fast",
              "pass": true,
              "fail": false,
              "pending": false,
              "context": null,
              "code": "cy.loginByRole(role);\ncy.get(\"input[placeholder='Email']\").clear().type('wrongEmail@localhost.com');\ncy.submitLoginForm();\ncy.get(\"#userAlertContainer\").should('have.text', 'Error: No match for Email and/or Password');",
              "err": {},
              "uuid": "e40b04b2-2111-4fe4-9444-d6eeac633453",
              "parentUUID": "aab4703c-7a96-4e3c-81a4-2e2933d34739",
              "isHook": false,
              "skipped": false
            },
            {
              "title": "Login using wrong password for admin",
              "fullTitle": "Login Page Login using wrong password for admin",
              "timedOut": null,
              "duration": 4747,
              "state": "passed",
              "speed": "fast",
              "pass": true,
              "fail": false,
              "pending": false,
              "context": null,
              "code": "cy.loginByRole(role);\ncy.get(\"input[placeholder='Password']\").clear().type('wrongPassword');\ncy.submitLoginForm();\ncy.get(\"#userAlertContainer\").should('have.text', 'Error: No match for Email and/or Password');",
              "err": {},
              "uuid": "f6b636ad-8727-4b33-b43b-38feb869c957",
              "parentUUID": "aab4703c-7a96-4e3c-81a4-2e2933d34739",
              "isHook": false,
              "skipped": false
            },
            {
              "title": "Login using correct data for admin",
              "fullTitle": "Login Page Login using correct data for admin",
              "timedOut": null,
              "duration": 4557,
              "state": "passed",
              "speed": "fast",
              "pass": true,
              "fail": false,
              "pending": false,
              "context": null,
              "code": "cy.loginByRole(role);\ncy.submitLoginForm();\n//cy.url().should('include', '/dashboard');",
              "err": {},
              "uuid": "51f5bc05-08bc-49ce-971b-e40df5424e78",
              "parentUUID": "aab4703c-7a96-4e3c-81a4-2e2933d34739",
              "isHook": false,
              "skipped": false
            }
          ],
          "suites": [],
          "passes": [
            "a3b79c06-77c8-4d77-99f6-8fe7deaf0b09",
            "ce7f4ab0-411e-4c59-821a-0045ed28f094",
            "62da2cc2-89a6-4c41-b1c5-4b0975f0389d",
            "e1043bf2-aa5c-4b13-a89e-0127da7a32ce",
            "4408fa9c-905d-41e3-8025-a6058077c4b5",
            "cedb324b-3965-46bc-ad1e-73b8815ae081",
            "e40b04b2-2111-4fe4-9444-d6eeac633453",
            "f6b636ad-8727-4b33-b43b-38feb869c957",
            "51f5bc05-08bc-49ce-971b-e40df5424e78"
          ],
          "failures": [
            "5b87181e-d619-4d28-aa5f-2477a62b42c3",
            "b29a1c21-79d5-4070-b8a9-1ab6d68fb1b7"
          ],
          "pending": [],
          "skipped": [],
          "duration": 53923,
          "root": false,
          "rootEmpty": false,
          "_timeout": 2000
        }
      ],
      "passes": [],
      "failures": [],
      "pending": [],
      "skipped": [],
      "duration": 0,
      "root": true,
      "rootEmpty": true,
      "_timeout": 2000
    }
  ],
  "meta": {
    "mocha": {
      "version": "7.0.1"
    },
    "mochawesome": {
      "options": {
        "quiet": false,
        "reportFilename": "mochawesome",
        "saveHtml": false,
        "saveJson": true,
        "consoleReporter": "spec",
        "useInlineDiffs": false,
        "code": true
      },
      "version": "7.1.3"
    },
    "marge": {
      "options": {
        "overwrite": false,
        "html": false,
        "json": true,
        "reportDir": "cypress\\reports\\html\\.jsons"
      },
      "version": "6.2.0"
    }
  }
}